0 verbose cli C:\Program Files\nodejs\node.exe C:\ProgramData\npm\npm\node_modules\npm\bin\npm-cli.js
1 info using npm@10.8.2
2 info using node@v20.11.0
3 silly config load:file:C:\ProgramData\npm\npm\node_modules\npm\npmrc
4 silly config load:file:C:\Users\USER\.npmrc
5 silly config load:file:C:\Users\USER\AppData\Roaming\npm\etc\npmrc
6 verbose title npm run dev
7 verbose argv "run" "dev"
8 verbose logfile logs-max:10 dir:C:\Users\USER\capstone\UsersUSER.npm-cache\_logs\2024-08-31T20_22_06_570Z-
9 verbose logfile C:\Users\USER\capstone\UsersUSER.npm-cache\_logs\2024-08-31T20_22_06_570Z-debug-0.log
10 silly logfile done cleaning log files
11 http fetch GET https://registry.npmjs.org/npm attempt 1 failed with ENOTFOUND
12 verbose stack Error: Missing script: "dev"
12 verbose stack
12 verbose stack To see a list of scripts, run:
12 verbose stack   npm run
12 verbose stack     at #run (C:\ProgramData\npm\npm\node_modules\npm\lib\commands\run-script.js:110:13)
12 verbose stack     at async RunScript.exec (C:\ProgramData\npm\npm\node_modules\npm\lib\commands\run-script.js:39:7)
12 verbose stack     at async Npm.exec (C:\ProgramData\npm\npm\node_modules\npm\lib\npm.js:207:9)
12 verbose stack     at async module.exports (C:\ProgramData\npm\npm\node_modules\npm\lib\cli\entry.js:74:5)
13 error Missing script: "dev"
13 error
13 error To see a list of scripts, run:
13 error   npm run
14 verbose cwd C:\Users\USER\capstone
15 verbose os Windows_NT 10.0.19045
16 verbose node v20.11.0
17 verbose npm  v10.8.2
18 verbose exit 1
19 verbose code 1
20 error A complete log of this run can be found in: C:\Users\USER\capstone\UsersUSER.npm-cache\_logs\2024-08-31T20_22_06_570Z-debug-0.log
